This is pdfTeX, Version 3.14159265-2.6-1.40.20 (TeX Live 2019/Debian) (preloaded format=pdflatex 2023.8.22)  9 JAN 2024 08:46
entering extended mode
 \write18 enabled.
 file:line:error style messages enabled.
 %&-line parsing enabled.
**/home/dwr/ptx/cn160/latex/quiz-binary
(/home/dwr/ptx/cn160/latex/quiz-binary.tex
LaTeX2e <2020-02-02> patch level 2
L3 programming layer <2020-02-14> (/usr/share/texlive/texmf-dist/tex/latex/exam/exam.cls
Document Class: exam 2017/12/17 Version 2.603 by Philip Hirschhorn
(/usr/share/texlive/texmf-dist/tex/latex/base/ifthen.sty
Package: ifthen 2014/09/29 v1.1c Standard LaTeX ifthen package (DPC)
) (/usr/share/texlive/texmf-dist/tex/latex/base/article.cls
Document Class: article 2019/12/20 v1.4l Standard LaTeX document class
(/usr/share/texlive/texmf-dist/tex/latex/base/size12.clo
File: size12.clo 2019/12/20 v1.4l Standard LaTeX file (size option)
)
\c@part=\count167
\c@section=\count168
\c@subsection=\count169
\c@subsubsection=\count170
\c@paragraph=\count171
\c@subparagraph=\count172
\c@figure=\count173
\c@table=\count174
\abovecaptionskip=\skip47
\belowcaptionskip=\skip48
\bibindent=\dimen134
)
\@extrawidth=\skip49
\@rightmargin=\skip50
\@extrahead=\skip51
\@extrafoot=\skip52
\run@exhd=\skip53
\fp@exhd=\skip54
\run@exft=\skip55
\fp@exft=\skip56
\covrun@exhd=\skip57
\covfp@exhd=\skip58
\covrun@exft=\skip59
\covfp@exft=\skip60
\c@num@coverpages=\count175
\c@latest@ques=\count176
\c@ques@end=\count177
\c@last@object=\count178
\c@incmp@ques=\count179
\c@next@ques=\count180
\c@next@page=\count181
\c@tmp@hlfcntr=\count182
\c@ifpos@cntr=\count183
\c@question=\count184
\c@partno=\count185
\c@subpart=\count186
\c@subsubpart=\count187
\c@choice=\count188
\c@numpoints=\count189
\c@numbonuspoints=\count190
\c@pointsof@thisquestion=\count191
\c@bonuspointsof@thisquestion=\count192
\c@numquestions=\count193
\c@numparts=\count194
\c@numsubparts=\count195
\c@numsubsubparts=\count196
\c@Curr@Page=\count197
\c@@pagepoints=\count198
\c@@pagebonuspoints=\count199
\c@pageof@pagepoints=\count266
\c@pageof@pagebonuspoints=\count267
\c@latest@points=\count268
\c@latest@bonuspoints=\count269
\pageinfo@commands=\toks14
\temp@toks=\toks15
\pagepoint@commands=\toks16
\point@toks=\toks17
\c@ques@object=\count270
\marginpointssep=\skip61
\rightpointsmargin=\skip62
\choice@toks=\toks18
\answerlinelength=\skip63
\answerskip=\skip64
\answerclearance=\skip65
\fillinlinelength=\skip66
\linefillheight=\skip67
\linefillthickness=\skip68
\dottedlinefillheight=\skip69
\gridsize=\skip70
\gridlinewidth=\skip71
\minboxheight=\skip72
\c@@iterator=\count271
\@cellwidth=\skip73
\c@tbl@points=\count272
\c@tbl@bonuspoints=\count273
\c@pq@index=\count274
\c@pq@index@pts=\count275
\c@pq@index@bpts=\count276
\c@num@cols=\count277
\c@num@rows=\count278
\c@current@row=\count279
\c@cols@done=\count280
\exam@box=\box45
\saved@totalleftmargin=\dimen135
\@sollistdepth=\count281
\exam@FrameRule=\dimen136
\exam@FrameSep=\dimen137
) (/home/dwr/texmf/tex/latex/cofi/cofi.sty
Package: cofi 
 (/usr/share/texlive/texmf-dist/tex/latex/amsmath/amsmath.sty
Package: amsmath 2020/01/20 v2.17e AMS math features
\@mathmargin=\skip74

For additional information on amsmath, use the `?' option.
(/usr/share/texlive/texmf-dist/tex/latex/amsmath/amstext.sty
Package: amstext 2000/06/29 v2.01 AMS text
 (/usr/share/texlive/texmf-dist/tex/latex/amsmath/amsgen.sty
File: amsgen.sty 1999/11/30 v2.0 generic functions
\@emptytoks=\toks19
\ex@=\dimen138
)) (/usr/share/texlive/texmf-dist/tex/latex/amsmath/amsbsy.sty
Package: amsbsy 1999/11/29 v1.2d Bold Symbols
\pmbraise@=\dimen139
) (/usr/share/texlive/texmf-dist/tex/latex/amsmath/amsopn.sty
Package: amsopn 2016/03/08 v2.02 operator names
)
\inf@bad=\count282
LaTeX Info: Redefining \frac on input line 227.
\uproot@=\count283
\leftroot@=\count284
LaTeX Info: Redefining \overline on input line 389.
\classnum@=\count285
\DOTSCASE@=\count286
LaTeX Info: Redefining \ldots on input line 486.
LaTeX Info: Redefining \dots on input line 489.
LaTeX Info: Redefining \cdots on input line 610.
\Mathstrutbox@=\box46
\strutbox@=\box47
\big@size=\dimen140
LaTeX Font Info:    Redeclaring font encoding OML on input line 733.
LaTeX Font Info:    Redeclaring font encoding OMS on input line 734.
\macc@depth=\count287
\c@MaxMatrixCols=\count288
\dotsspace@=\muskip16
\c@parentequation=\count289
\dspbrk@lvl=\count290
\tag@help=\toks20
\row@=\count291
\column@=\count292
\maxfields@=\count293
\andhelp@=\toks21
\eqnshift@=\dimen141
\alignsep@=\dimen142
\tagshift@=\dimen143
\tagwidth@=\dimen144
\totwidth@=\dimen145
\lineht@=\dimen146
\@envbody=\toks22
\multlinegap=\skip75
\multlinetaggap=\skip76
\mathdisplay@stack=\toks23
LaTeX Info: Redefining \[ on input line 2859.
LaTeX Info: Redefining \] on input line 2860.
) (/usr/share/texlive/texmf-dist/tex/latex/amscls/amsthm.sty
Package: amsthm 2017/10/31 v2.20.4
\thm@style=\toks24
\thm@bodyfont=\toks25
\thm@headfont=\toks26
\thm@notefont=\toks27
\thm@headpunct=\toks28
\thm@preskip=\skip77
\thm@postskip=\skip78
\thm@headsep=\skip79
\dth@everypar=\toks29
) (/usr/share/texlive/texmf-dist/tex/latex/amsfonts/amssymb.sty
Package: amssymb 2013/01/14 v3.01 AMS font symbols
 (/usr/share/texlive/texmf-dist/tex/latex/amsfonts/amsfonts.sty
Package: amsfonts 2013/01/14 v3.01 Basic AMSFonts support
\symAMSa=\mathgroup4
\symAMSb=\mathgroup5
LaTeX Font Info:    Redeclaring math symbol \hbar on input line 98.
LaTeX Font Info:    Overwriting math alphabet `\mathfrak' in version `bold'
(Font)                  U/euf/m/n --> U/euf/b/n on input line 106.
)) (/usr/share/texlive/texmf-dist/tex/latex/base/latexsym.sty
Package: latexsym 1998/08/17 v2.2e Standard LaTeX package (lasy symbols)
\symlasy=\mathgroup6
LaTeX Font Info:    Overwriting symbol font `lasy' in version `bold'
(Font)                  U/lasy/m/n --> U/lasy/b/n on input line 52.
) (/usr/share/texlive/texmf-dist/tex/latex/mathtools/mathtools.sty
Package: mathtools 2020/01/17 v1.23 mathematical typesetting tools
 (/usr/share/texlive/texmf-dist/tex/latex/graphics/keyval.sty
Package: keyval 2014/10/28 v1.15 key=value parser (DPC)
\KV@toks@=\toks30
) (/usr/share/texlive/texmf-dist/tex/latex/tools/calc.sty
Package: calc 2017/05/25 v4.3 Infix arithmetic (KKT,FJ)
\calc@Acount=\count294
\calc@Bcount=\count295
\calc@Adimen=\dimen147
\calc@Bdimen=\dimen148
\calc@Askip=\skip80
\calc@Bskip=\skip81
LaTeX Info: Redefining \setlength on input line 80.
LaTeX Info: Redefining \addtolength on input line 81.
\calc@Ccount=\count296
\calc@Cskip=\skip82
) (/usr/share/texlive/texmf-dist/tex/latex/mathtools/mhsetup.sty
Package: mhsetup 2017/03/31 v1.3 programming setup (MH)
)
LaTeX Info: Thecontrolsequence`\('isalreadyrobust on input line 129.
LaTeX Info: Thecontrolsequence`\)'isalreadyrobust on input line 129.
LaTeX Info: Thecontrolsequence`\['isalreadyrobust on input line 129.
LaTeX Info: Thecontrolsequence`\]'isalreadyrobust on input line 129.
\g_MT_multlinerow_int=\count297
\l_MT_multwidth_dim=\dimen149
\origjot=\skip83
\l_MT_shortvdotswithinadjustabove_dim=\dimen150
\l_MT_shortvdotswithinadjustbelow_dim=\dimen151
\l_MT_above_intertext_sep=\dimen152
\l_MT_below_intertext_sep=\dimen153
\l_MT_above_shortintertext_sep=\dimen154
\l_MT_below_shortintertext_sep=\dimen155
) (/usr/share/texlive/texmf-dist/tex/generic/iftex/ifxetex.sty
Package: ifxetex 2019/10/25 v0.7 ifxetex legacy package. Use iftex instead.
 (/usr/share/texlive/texmf-dist/tex/generic/iftex/iftex.sty
Package: iftex 2019/11/07 v1.0c TeX engine tests
)) (/usr/share/texlive/texmf-dist/tex/latex/base/inputenc.sty
Package: inputenc 2018/08/11 v1.3c Input encoding file
\inpenc@prehook=\toks31
\inpenc@posthook=\toks32
) (/usr/share/texlive/texmf-dist/tex/latex/l3packages/xparse/xparse.sty (/usr/share/texlive/texmf-dist/tex/latex/l3kernel/expl3.sty
Package: expl3 2020-02-14 L3 programming layer (loader) 
 (/usr/share/texlive/texmf-dist/tex/latex/l3backend/l3backend-pdfmode.def
File: l3backend-pdfmode.def 2020-02-03 L3 backend support: PDF mode
\l__kernel_color_stack_int=\count298
\l__pdf_internal_box=\box48
))
Package: xparse 2020-02-14 L3 Experimental document command parser
\l__xparse_current_arg_int=\count299
\g__xparse_grabber_int=\count300
\l__xparse_m_args_int=\count301
\l__xparse_v_nesting_int=\count302
) (/usr/share/texlive/texmf-dist/tex/latex/url/url.sty
\Urlmuskip=\muskip17
Package: url 2013/09/16  ver 3.4  Verb mode for urls, etc.
) (/usr/share/texlive/texmf-dist/tex/generic/babel/babel.sty
Package: babel 2020/02/14 3.40 The Babel package
 (/usr/share/texlive/texmf-dist/tex/generic/babel/switch.def
File: switch.def 2020/02/14 3.40 Babel switching mechanism
) (/usr/share/texlive/texmf-dist/tex/generic/babel-english/american.ldf
Language: american 2017/06/06 v3.3r English support from the babel system
 (/usr/share/texlive/texmf-dist/tex/generic/babel-english/english.ldf
Language: english 2017/06/06 v3.3r English support from the babel system
 (/usr/share/texlive/texmf-dist/tex/generic/babel/babel.def
File: babel.def 2020/02/14 3.40 Babel common definitions
\babel@savecnt=\count303
\U@D=\dimen156
 (/usr/share/texlive/texmf-dist/tex/generic/babel/txtbabel.def)
\bbl@readstream=\read2
\bbl@dirlevel=\count304
)
Package babel Info: \l@canadian = using hyphenrules for english
(babel)             (\language0) on input line 102.
Package babel Info: \l@australian = using hyphenrules for ukenglish
(babel)             (\language74) on input line 105.
Package babel Info: \l@newzealand = using hyphenrules for ukenglish
(babel)             (\language74) on input line 108.
))) (/usr/share/texlive/texmf-dist/tex/latex/csquotes/csquotes.sty
Package: csquotes 2019-12-06 v5.2j context-sensitive quotations (JAW)
 (/usr/share/texlive/texmf-dist/tex/latex/etoolbox/etoolbox.sty
Package: etoolbox 2019/09/21 v2.5h e-TeX tools for LaTeX (JAW)
\etb@tempcnta=\count305
)
\csq@reset=\count306
\csq@gtype=\count307
\csq@glevel=\count308
\csq@qlevel=\count309
\csq@maxlvl=\count310
\csq@tshold=\count311
\csq@ltx@everypar=\toks33
 (/usr/share/texlive/texmf-dist/tex/latex/csquotes/csquotes.def
File: csquotes.def 2019-12-06 v5.2j csquotes generic definitions (JAW)
)
Package csquotes Info: Trying to load configuration file 'csquotes.cfg'...
Package csquotes Info: ... configuration file loaded successfully.
 (/usr/share/texlive/texmf-dist/tex/latex/csquotes/csquotes.cfg
File: csquotes.cfg 
)
Package csquotes Info: Option 'babel' depreciated.
(csquotes)             Using 'autostyle'.
Package csquotes Info: Enabling multilingual quotes.
) (/usr/share/texlive/texmf-dist/tex/latex/soul/soul.sty
Package: soul 2003/11/17 v2.4 letterspacing/underlining (mf)
\SOUL@word=\toks34
\SOUL@lasttoken=\toks35
\SOUL@cmds=\toks36
\SOUL@buffer=\toks37
\SOUL@token=\toks38
\SOUL@spaceskip=\skip84
\SOUL@ttwidth=\dimen157
\SOUL@uldp=\dimen158
\SOUL@ulht=\dimen159
) (/usr/share/texlive/texmf-dist/tex/latex/tools/tabularx.sty
Package: tabularx 2020/01/15 v2.11c `tabularx' package (DPC)
 (/usr/share/texlive/texmf-dist/tex/latex/tools/array.sty
Package: array 2019/08/31 v2.4l Tabular extension package (FMi)
\col@sep=\dimen160
\ar@mcellbox=\box49
\extrarowheight=\dimen161
\NC@list=\toks39
\extratabsurround=\skip85
\backup@length=\skip86
\ar@cellbox=\box50
)
\TX@col@width=\dimen162
\TX@old@table=\dimen163
\TX@old@col=\dimen164
\TX@target=\dimen165
\TX@delta=\dimen166
\TX@cols=\count312
\TX@ftn=\toks40
) (/usr/share/texlive/texmf-dist/tex/latex/booktabs/booktabs.sty
Package: booktabs 2020/01/12 v1.61803398 Publication quality tables
\heavyrulewidth=\dimen167
\lightrulewidth=\dimen168
\cmidrulewidth=\dimen169
\belowrulesep=\dimen170
\belowbottomsep=\dimen171
\aboverulesep=\dimen172
\abovetopsep=\dimen173
\cmidrulesep=\dimen174
\cmidrulekern=\dimen175
\defaultaddspace=\dimen176
\@cmidla=\count313
\@cmidlb=\count314
\@aboverulesep=\dimen177
\@belowrulesep=\dimen178
\@thisruleclass=\count315
\@lastruleclass=\count316
\@thisrulewidth=\dimen179
) (/usr/share/texlive/texmf-dist/tex/latex/xcolor/xcolor.sty
Package: xcolor 2016/05/11 v2.12 LaTeX color extensions (UK)
 (/usr/share/texlive/texmf-dist/tex/latex/graphics-cfg/color.cfg
File: color.cfg 2016/01/02 v1.6 sample color configuration
)
Package xcolor Info: Driver file: pdftex.def on input line 225.
 (/usr/share/texlive/texmf-dist/tex/latex/graphics-def/pdftex.def
File: pdftex.def 2018/01/08 v1.0l Graphics/color driver for pdftex
)
Package xcolor Info: Model `cmy' substituted by `cmy0' on input line 1348.
Package xcolor Info: Model `hsb' substituted by `rgb' on input line 1352.
Package xcolor Info: Model `RGB' extended on input line 1364.
Package xcolor Info: Model `HTML' substituted by `rgb' on input line 1366.
Package xcolor Info: Model `Hsb' substituted by `hsb' on input line 1367.
Package xcolor Info: Model `tHsb' substituted by `hsb' on input line 1368.
Package xcolor Info: Model `HSB' substituted by `hsb' on input line 1369.
Package xcolor Info: Model `Gray' substituted by `gray' on input line 1370.
Package xcolor Info: Model `wave' substituted by `hsb' on input line 1371.
 (/usr/share/texlive/texmf-dist/tex/latex/xcolor/svgnam.def
File: svgnam.def 2016/05/11 v2.12 Predefined colors according to SVG 1.1 (UK)
)) (/usr/share/texlive/texmf-dist/tex/latex/parskip/parskip.sty
Package: parskip 2020-01-22 v2.0d non-zero parskip adjustments
 (/usr/share/texlive/texmf-dist/tex/latex/kvoptions/kvoptions.sty
Package: kvoptions 2019/11/29 v3.13 Key value format for package options (HO)
 (/usr/share/texlive/texmf-dist/tex/generic/ltxcmds/ltxcmds.sty
Package: ltxcmds 2019/12/15 v1.24 LaTeX kernel commands for general use (HO)
) (/usr/share/texlive/texmf-dist/tex/generic/kvsetkeys/kvsetkeys.sty
Package: kvsetkeys 2019/12/15 v1.18 Key value parser (HO)
))) (/usr/share/texlive/texmf-dist/tex/latex/siunitx/siunitx.sty
Package: siunitx 2020/01/15 v2.7u A comprehensive (SI) units package
 (/usr/share/texlive/texmf-dist/tex/latex/l3packages/l3keys2e/l3keys2e.sty
Package: l3keys2e 2020-02-14 LaTeX2e option processing using LaTeX3 keys
)
\l__siunitx_tmp_box=\box51
\l__siunitx_tmp_dim=\dimen180
\l__siunitx_tmp_int=\count317
\l__siunitx_number_mantissa_length_int=\count318
\l__siunitx_number_uncert_length_int=\count319
\l__siunitx_round_int=\count320
\l__siunitx_process_decimal_int=\count321
\l__siunitx_process_uncertainty_int=\count322
\l__siunitx_process_fixed_int=\count323
\l__siunitx_process_integer_min_int=\count324
\l__siunitx_process_precision_int=\count325
\l__siunitx_group_min_int=\count326
\l__siunitx_angle_marker_box=\box52
\l__siunitx_angle_unit_box=\box53
\l__siunitx_angle_marker_dim=\dimen181
\l__siunitx_angle_unit_dim=\dimen182
\l__siunitx_unit_int=\count327
\l__siunitx_unit_denominator_int=\count328
\l__siunitx_unit_numerator_int=\count329
\l__siunitx_unit_prefix_int=\count330
\l__siunitx_unit_prefix_base_int=\count331
\l__siunitx_unit_prefix_gram_int=\count332
\l__siunitx_number_product_int=\count333
\c__siunitx_one_fill_skip=\skip87
\l__siunitx_table_unit_align_skip=\skip88
\l__siunitx_table_exponent_dim=\dimen183
\l__siunitx_table_integer_dim=\dimen184
\l__siunitx_table_mantissa_dim=\dimen185
\l__siunitx_table_marker_dim=\dimen186
\l__siunitx_table_result_dim=\dimen187
\l__siunitx_table_uncert_dim=\dimen188
\l__siunitx_table_fill_pre_dim=\dimen189
\l__siunitx_table_fill_post_dim=\dimen190
\l__siunitx_table_fill_mid_dim=\dimen191
\l__siunitx_table_pre_box=\box54
\l__siunitx_table_post_box=\box55
\l__siunitx_table_mantissa_box=\box56
\l__siunitx_table_result_box=\box57
\l__siunitx_table_number_align_skip=\skip89
\l__siunitx_table_text_align_skip=\skip90
 (/usr/share/texlive/texmf-dist/tex/latex/translator/translator.sty
Package: translator 2019-05-31 v1.12a Easy translation of strings in LaTeX
)) (/usr/share/texlive/texmf-dist/tex/latex/enumitem/enumitem.sty
Package: enumitem 2019/06/20 v3.9 Customized lists
\labelindent=\skip91
\enit@outerparindent=\dimen192
\enit@toks=\toks41
\enit@inbox=\box58
\enit@count@id=\count334
\enitdp@description=\count335
)
\enitdp@compactitem=\count336
\enitdp@compactdesc=\count337
\c@compactenumi=\count338
\c@compactenumii=\count339
\c@compactenumiii=\count340
\enitdp@compactenum=\count341
 (/usr/share/texlive/texmf-dist/tex/latex/hyperref/hyperref.sty
Package: hyperref 2020/01/14 v7.00d Hypertext links for LaTeX
 (/usr/share/texlive/texmf-dist/tex/latex/pdftexcmds/pdftexcmds.sty
Package: pdftexcmds 2019/11/24 v0.31 Utility functions of pdfTeX for LuaTeX (HO)
 (/usr/share/texlive/texmf-dist/tex/generic/infwarerr/infwarerr.sty
Package: infwarerr 2019/12/03 v1.5 Providing info/warning/error messages (HO)
)
Package pdftexcmds Info: \pdf@primitive is available.
Package pdftexcmds Info: \pdf@ifprimitive is available.
Package pdftexcmds Info: \pdfdraftmode found.
) (/usr/share/texlive/texmf-dist/tex/generic/kvdefinekeys/kvdefinekeys.sty
Package: kvdefinekeys 2019-12-19 v1.6 Define keys (HO)
) (/usr/share/texlive/texmf-dist/tex/generic/pdfescape/pdfescape.sty
Package: pdfescape 2019/12/09 v1.15 Implements pdfTeX's escape features (HO)
) (/usr/share/texlive/texmf-dist/tex/latex/hycolor/hycolor.sty
Package: hycolor 2020-01-27 v1.10 Color options for hyperref/bookmark (HO)
) (/usr/share/texlive/texmf-dist/tex/latex/letltxmacro/letltxmacro.sty
Package: letltxmacro 2019/12/03 v1.6 Let assignment for LaTeX macros (HO)
) (/usr/share/texlive/texmf-dist/tex/latex/auxhook/auxhook.sty
Package: auxhook 2019-12-17 v1.6 Hooks for auxiliary files (HO)
)
\@linkdim=\dimen193
\Hy@linkcounter=\count342
\Hy@pagecounter=\count343
 (/usr/share/texlive/texmf-dist/tex/latex/hyperref/pd1enc.def
File: pd1enc.def 2020/01/14 v7.00d Hyperref: PDFDocEncoding definition (HO)
Now handling font encoding PD1 ...
... no UTF-8 mapping file for font encoding PD1
) (/usr/share/texlive/texmf-dist/tex/generic/intcalc/intcalc.sty
Package: intcalc 2019/12/15 v1.3 Expandable calculations with integers (HO)
) (/usr/share/texlive/texmf-dist/tex/generic/etexcmds/etexcmds.sty
Package: etexcmds 2019/12/15 v1.7 Avoid name clashes with e-TeX commands (HO)
)
\Hy@SavedSpaceFactor=\count344
\pdfmajorversion=\count345
Package hyperref Info: Option `colorlinks' set `true' on input line 4421.
Package hyperref Info: Option `plainpages' set `false' on input line 4421.
Package hyperref Info: Option `pdfpagelabels' set `true' on input line 4421.
Package hyperref Info: Option `bookmarksnumbered' set `true' on input line 4421.
Package hyperref Info: Hyper figures OFF on input line 4547.
Package hyperref Info: Link nesting OFF on input line 4552.
Package hyperref Info: Hyper index ON on input line 4555.
Package hyperref Info: Plain pages OFF on input line 4562.
Package hyperref Info: Backreferencing OFF on input line 4567.
Package hyperref Info: Implicit mode ON; LaTeX internals redefined.
Package hyperref Info: Bookmarks ON on input line 4800.
\c@Hy@tempcnt=\count346
LaTeX Info: Redefining \url on input line 5159.
\XeTeXLinkMargin=\dimen194
 (/usr/share/texlive/texmf-dist/tex/generic/bitset/bitset.sty
Package: bitset 2019/12/09 v1.3 Handle bit-vector datatype (HO)
 (/usr/share/texlive/texmf-dist/tex/generic/bigintcalc/bigintcalc.sty
Package: bigintcalc 2019/12/15 v1.5 Expandable calculations on big integers (HO)
))
\Fld@menulength=\count347
\Field@Width=\dimen195
\Fld@charsize=\dimen196
Package hyperref Info: Hyper figures OFF on input line 6430.
Package hyperref Info: Link nesting OFF on input line 6435.
Package hyperref Info: Hyper index ON on input line 6438.
Package hyperref Info: backreferencing OFF on input line 6445.
Package hyperref Info: Link coloring ON on input line 6448.
Package hyperref Info: Link coloring with OCG OFF on input line 6455.
Package hyperref Info: PDF/A mode OFF on input line 6460.
LaTeX Info: Redefining \ref on input line 6500.
LaTeX Info: Redefining \pageref on input line 6504.
 (/usr/share/texlive/texmf-dist/tex/generic/atbegshi/atbegshi.sty
Package: atbegshi 2019/12/05 v1.19 At begin shipout hook (HO)
)
\Hy@abspage=\count348
\c@Item=\count349
\c@Hfootnote=\count350
)
Package hyperref Info: Driver (autodetected): hpdftex.
 (/usr/share/texlive/texmf-dist/tex/latex/hyperref/hpdftex.def
File: hpdftex.def 2020/01/14 v7.00d Hyperref driver for pdfTeX
 (/usr/share/texlive/texmf-dist/tex/latex/atveryend/atveryend.sty
Package: atveryend 2019-12-11 v1.11 Hooks at the very end of document (HO)
)
\Fld@listcount=\count351
\c@bookmark@seq@number=\count352
 (/usr/share/texlive/texmf-dist/tex/latex/rerunfilecheck/rerunfilecheck.sty
Package: rerunfilecheck 2019/12/05 v1.9 Rerun checks for auxiliary files (HO)
 (/usr/share/texlive/texmf-dist/tex/generic/uniquecounter/uniquecounter.sty
Package: uniquecounter 2019/12/15 v1.4 Provide unlimited unique counter (HO)
)
Package uniquecounter Info: New unique counter `rerunfilecheck' on input line 286.
)
\Hy@SectionHShift=\skip92
) (/usr/share/texlive/texmf-dist/tex/latex/cleveref/cleveref.sty
Package: cleveref 2018/03/27 v0.21.4 Intelligent cross-referencing
Package cleveref Info: `hyperref' support loaded on input line 2370.
LaTeX Info: Redefining \cref on input line 2370.
LaTeX Info: Redefining \Cref on input line 2370.
LaTeX Info: Redefining \crefrange on input line 2370.
LaTeX Info: Redefining \Crefrange on input line 2370.
LaTeX Info: Redefining \cpageref on input line 2370.
LaTeX Info: Redefining \Cpageref on input line 2370.
LaTeX Info: Redefining \cpagerefrange on input line 2370.
LaTeX Info: Redefining \Cpagerefrange on input line 2370.
LaTeX Info: Redefining \labelcref on input line 2370.
LaTeX Info: Redefining \labelcpageref on input line 2370.
Package cleveref Info: `amsthm' support loaded on input line 3026.
)) (/usr/share/texlive/texmf-dist/tex/latex/tools/multicol.sty
Package: multicol 2019/12/09 v1.8y multicolumn formatting (FMi)
\c@tracingmulticols=\count353
\mult@box=\box59
\multicol@leftmargin=\dimen197
\c@unbalance=\count354
\c@collectmore=\count355
\doublecol@number=\count356
\multicoltolerance=\count357
\multicolpretolerance=\count358
\full@width=\dimen198
\page@free=\dimen199
\premulticols=\dimen256
\postmulticols=\dimen257
\multicolsep=\skip93
\multicolbaselineskip=\skip94
\partial@page=\box60
\last@line=\box61
\maxbalancingoverflow=\dimen258
\mult@rightbox=\box62
\mult@grightbox=\box63
\mult@gfirstbox=\box64
\mult@firstbox=\box65
\@tempa=\box66
\@tempa=\box67
\@tempa=\box68
\@tempa=\box69
\@tempa=\box70
\@tempa=\box71
\@tempa=\box72
\@tempa=\box73
\@tempa=\box74
\@tempa=\box75
\@tempa=\box76
\@tempa=\box77
\@tempa=\box78
\@tempa=\box79
\@tempa=\box80
\@tempa=\box81
\@tempa=\box82
\@tempa=\box83
\@tempa=\box84
\@tempa=\box85
\@tempa=\box86
\@tempa=\box87
\@tempa=\box88
\@tempa=\box89
\@tempa=\box90
\@tempa=\box91
\@tempa=\box92
\@tempa=\box93
\@tempa=\box94
\@tempa=\box95
\@tempa=\box96
\@tempa=\box97
\@tempa=\box98
\@tempa=\box99
\@tempa=\box100
\@tempa=\box101
\@tempa=\box102
\c@minrows=\count359
\c@columnbadness=\count360
\c@finalcolumnbadness=\count361
\last@try=\dimen259
\multicolovershoot=\dimen260
\multicolundershoot=\dimen261
\mult@nat@firstbox=\box103
\colbreak@box=\box104
\mc@col@check@num=\count362
) (/usr/share/texlive/texmf-dist/tex/latex/fourier/fourier.sty
Package: fourier 2020/01/14 2.1 fourier-GUTenberg package
Now handling font encoding FML ...
... no UTF-8 mapping file for font encoding FML
Now handling font encoding FMS ...
... no UTF-8 mapping file for font encoding FMS
Now handling font encoding FMX ...
... no UTF-8 mapping file for font encoding FMX
 (/usr/share/texlive/texmf-dist/tex/latex/base/fontenc.sty
Package: fontenc 2020/02/11 v2.0o Standard LaTeX package
LaTeX Font Info:    Trying to load font information for T1+futs on input line 112.
 (/usr/share/texlive/texmf-dist/tex/latex/fourier/t1futs.fd
File: t1futs.fd 2004/03/02 Fontinst v1.926 font definitions for T1/futs.
)) (/usr/share/texlive/texmf-dist/tex/latex/base/textcomp.sty
Package: textcomp 2020/02/02 v2.0n Standard LaTeX package
) (/usr/share/texlive/texmf-dist/tex/latex/fourier/fourier-orns.sty
Package: fourier-orns 2020/01/14 2.1 fourier-ornaments package
)
LaTeX Font Info:    Redeclaring symbol font `operators' on input line 61.
LaTeX Font Info:    Encoding `OT1' has changed to `T1' for symbol font
(Font)              `operators' in the math version `normal' on input line 61.
LaTeX Font Info:    Overwriting symbol font `operators' in version `normal'
(Font)                  OT1/cmr/m/n --> T1/futs/m/n on input line 61.
LaTeX Font Info:    Encoding `OT1' has changed to `T1' for symbol font
(Font)              `operators' in the math version `bold' on input line 61.
LaTeX Font Info:    Overwriting symbol font `operators' in version `bold'
(Font)                  OT1/cmr/bx/n --> T1/futs/m/n on input line 61.
LaTeX Font Info:    Overwriting symbol font `operators' in version `bold'
(Font)                  T1/futs/m/n --> T1/futs/b/n on input line 62.
LaTeX Font Info:    Redeclaring symbol font `letters' on input line 70.
LaTeX Font Info:    Encoding `OML' has changed to `FML' for symbol font
(Font)              `letters' in the math version `normal' on input line 70.
LaTeX Font Info:    Overwriting symbol font `letters' in version `normal'
(Font)                  OML/cmm/m/it --> FML/futmi/m/it on input line 70.
LaTeX Font Info:    Encoding `OML' has changed to `FML' for symbol font
(Font)              `letters' in the math version `bold' on input line 70.
LaTeX Font Info:    Overwriting symbol font `letters' in version `bold'
(Font)                  OML/cmm/b/it --> FML/futmi/m/it on input line 70.
\symotherletters=\mathgroup7
LaTeX Font Info:    Overwriting symbol font `letters' in version `bold'
(Font)                  FML/futmi/m/it --> FML/futmi/b/it on input line 72.
LaTeX Font Info:    Overwriting symbol font `otherletters' in version `bold'
(Font)                  FML/futm/m/it --> FML/futm/b/it on input line 73.
LaTeX Font Info:    Redeclaring math symbol \Gamma on input line 74.
LaTeX Font Info:    Redeclaring math symbol \Delta on input line 75.
LaTeX Font Info:    Redeclaring math symbol \Theta on input line 76.
LaTeX Font Info:    Redeclaring math symbol \Lambda on input line 77.
LaTeX Font Info:    Redeclaring math symbol \Xi on input line 78.
LaTeX Font Info:    Redeclaring math symbol \Pi on input line 79.
LaTeX Font Info:    Redeclaring math symbol \Sigma on input line 80.
LaTeX Font Info:    Redeclaring math symbol \Upsilon on input line 81.
LaTeX Font Info:    Redeclaring math symbol \Phi on input line 82.
LaTeX Font Info:    Redeclaring math symbol \Psi on input line 83.
LaTeX Font Info:    Redeclaring math symbol \Omega on input line 84.
LaTeX Font Info:    Redeclaring symbol font `symbols' on input line 124.
LaTeX Font Info:    Encoding `OMS' has changed to `FMS' for symbol font
(Font)              `symbols' in the math version `normal' on input line 124.
LaTeX Font Info:    Overwriting symbol font `symbols' in version `normal'
(Font)                  OMS/cmsy/m/n --> FMS/futm/m/n on input line 124.
LaTeX Font Info:    Encoding `OMS' has changed to `FMS' for symbol font
(Font)              `symbols' in the math version `bold' on input line 124.
LaTeX Font Info:    Overwriting symbol font `symbols' in version `bold'
(Font)                  OMS/cmsy/b/n --> FMS/futm/m/n on input line 124.
LaTeX Font Info:    Redeclaring symbol font `largesymbols' on input line 125.
LaTeX Font Info:    Encoding `OMX' has changed to `FMX' for symbol font
(Font)              `largesymbols' in the math version `normal' on input line 125.
LaTeX Font Info:    Overwriting symbol font `largesymbols' in version `normal'
(Font)                  OMX/cmex/m/n --> FMX/futm/m/n on input line 125.
LaTeX Font Info:    Encoding `OMX' has changed to `FMX' for symbol font
(Font)              `largesymbols' in the math version `bold' on input line 125.
LaTeX Font Info:    Overwriting symbol font `largesymbols' in version `bold'
(Font)                  OMX/cmex/m/n --> FMX/futm/m/n on input line 125.
LaTeX Font Info:    Redeclaring math alphabet \mathbf on input line 126.
LaTeX Font Info:    Overwriting math alphabet `\mathbf' in version `normal'
(Font)                  OT1/cmr/bx/n --> T1/futs/bx/n on input line 126.
LaTeX Font Info:    Overwriting math alphabet `\mathbf' in version `bold'
(Font)                  OT1/cmr/bx/n --> T1/futs/bx/n on input line 126.
LaTeX Font Info:    Redeclaring math alphabet \mathrm on input line 127.
LaTeX Font Info:    Redeclaring math alphabet \mathit on input line 128.
LaTeX Font Info:    Overwriting math alphabet `\mathit' in version `normal'
(Font)                  OT1/cmr/m/it --> T1/futs/m/it on input line 128.
LaTeX Font Info:    Overwriting math alphabet `\mathit' in version `bold'
(Font)                  OT1/cmr/bx/it --> T1/futs/m/it on input line 128.
LaTeX Font Info:    Redeclaring math alphabet \mathcal on input line 129.
LaTeX Font Info:    Redeclaring math symbol \varkappa on input line 130.
LaTeX Font Info:    Redeclaring math symbol \leqslant on input line 136.
LaTeX Font Info:    Redeclaring math symbol \geqslant on input line 137.
LaTeX Font Info:    Redeclaring math symbol \vDash on input line 140.
LaTeX Font Info:    Redeclaring math symbol \blacktriangleleft on input line 141.
LaTeX Font Info:    Redeclaring math symbol \blacktriangleright on input line 142.
LaTeX Font Info:    Redeclaring math symbol \nleqslant on input line 143.
LaTeX Font Info:    Redeclaring math symbol \ngeqslant on input line 144.
LaTeX Font Info:    Redeclaring math symbol \parallel on input line 145.
LaTeX Font Info:    Redeclaring math symbol \nparallel on input line 146.
LaTeX Font Info:    Redeclaring math symbol \nvDash on input line 148.
LaTeX Font Info:    Redeclaring math symbol \intercal on input line 149.
LaTeX Font Info:    Redeclaring math symbol \hslash on input line 150.
LaTeX Font Info:    Redeclaring math symbol \nexists on input line 151.
LaTeX Font Info:    Redeclaring math symbol \complement on input line 152.
LaTeX Font Info:    Redeclaring math symbol \varsubsetneq on input line 153.
LaTeX Font Info:    Redeclaring math symbol \hbar on input line 159.
LaTeX Font Info:    Redeclaring math symbol \smallsetminus on input line 160.
LaTeX Font Info:    Redeclaring math symbol \subsetneqq on input line 161.
LaTeX Font Info:    Redeclaring math symbol \rightrightarrows on input line 162.
LaTeX Font Info:    Redeclaring math symbol \leftleftarrows on input line 163.
LaTeX Font Info:    Redeclaring math symbol \square on input line 164.
LaTeX Font Info:    Redeclaring math symbol \curvearrowleft on input line 165.
LaTeX Font Info:    Redeclaring math symbol \curvearrowright on input line 166.
LaTeX Font Info:    Redeclaring math symbol \blacksquare on input line 167.
LaTeX Font Info:    Redeclaring math symbol \varkappa on input line 197.
LaTeX Font Info:    Redeclaring math symbol \varvarrho on input line 198.
LaTeX Font Info:    Redeclaring math delimiter \Vert on input line 221.
LaTeX Font Info:    Redeclaring math delimiter \vert on input line 226.
LaTeX Font Info:    Redeclaring math delimiter \lvert on input line 228.
LaTeX Font Info:    Redeclaring math delimiter \rvert on input line 230.
LaTeX Font Info:    Redeclaring math delimiter \lVert on input line 232.
LaTeX Font Info:    Redeclaring math delimiter \rVert on input line 234.
LaTeX Font Info:    Redeclaring math delimiter \Downarrow on input line 236.
LaTeX Font Info:    Redeclaring math delimiter \backslash on input line 238.
LaTeX Font Info:    Redeclaring math delimiter \rangle on input line 240.
LaTeX Font Info:    Redeclaring math delimiter \langle on input line 242.
LaTeX Font Info:    Redeclaring math delimiter \rbrace on input line 244.
LaTeX Font Info:    Redeclaring math delimiter \lbrace on input line 246.
LaTeX Font Info:    Redeclaring math delimiter \rceil on input line 248.
LaTeX Font Info:    Redeclaring math delimiter \lceil on input line 250.
LaTeX Font Info:    Redeclaring math delimiter \rfloor on input line 252.
LaTeX Font Info:    Redeclaring math delimiter \lfloor on input line 254.
LaTeX Font Info:    Redeclaring math accent \acute on input line 258.
LaTeX Font Info:    Redeclaring math accent \grave on input line 259.
LaTeX Font Info:    Redeclaring math accent \ddot on input line 260.
LaTeX Font Info:    Redeclaring math accent \tilde on input line 261.
LaTeX Font Info:    Redeclaring math accent \bar on input line 262.
LaTeX Font Info:    Redeclaring math accent \breve on input line 263.
LaTeX Font Info:    Redeclaring math accent \check on input line 264.
LaTeX Font Info:    Redeclaring math accent \hat on input line 265.
LaTeX Font Info:    Redeclaring math accent \dot on input line 266.
LaTeX Font Info:    Redeclaring math accent \mathring on input line 267.
\symUfutm=\mathgroup8
)
Package csquotes Info: Checking for multilingual support...
Package csquotes Info: ... found 'babel' package.
 (./quiz-binary.aux)
\openout1 = `quiz-binary.aux'.

LaTeX Font Info:    Checking defaults for OML/cmm/m/it on input line 24.
LaTeX Font Info:    ... okay on input line 24.
LaTeX Font Info:    Checking defaults for OMS/cmsy/m/n on input line 24.
LaTeX Font Info:    ... okay on input line 24.
LaTeX Font Info:    Checking defaults for OT1/cmr/m/n on input line 24.
LaTeX Font Info:    ... okay on input line 24.
LaTeX Font Info:    Checking defaults for T1/cmr/m/n on input line 24.
LaTeX Font Info:    ... okay on input line 24.
LaTeX Font Info:    Checking defaults for TS1/cmr/m/n on input line 24.
LaTeX Font Info:    ... okay on input line 24.
LaTeX Font Info:    Checking defaults for OMX/cmex/m/n on input line 24.
LaTeX Font Info:    ... okay on input line 24.
LaTeX Font Info:    Checking defaults for U/cmr/m/n on input line 24.
LaTeX Font Info:    ... okay on input line 24.
LaTeX Font Info:    Checking defaults for PD1/pdf/m/n on input line 24.
LaTeX Font Info:    ... okay on input line 24.
LaTeX Font Info:    Checking defaults for FML/futm/m/it on input line 24.
LaTeX Font Info:    Trying to load font information for FML+futm on input line 24.
 (/usr/share/texlive/texmf-dist/tex/latex/fourier/fmlfutm.fd
File: fmlfutm.fd 2004/10/30 Fontinst v1.926 font definitions for FML/futm.
)
LaTeX Font Info:    ... okay on input line 24.
LaTeX Font Info:    Checking defaults for FMS/futm/m/n on input line 24.
LaTeX Font Info:    Trying to load font information for FMS+futm on input line 24.
 (/usr/share/texlive/texmf-dist/tex/latex/fourier/fmsfutm.fd
File: fmsfutm.fd 2004/10/30 Fontinst v1.926 font definitions for FMS/futm.
)
LaTeX Font Info:    ... okay on input line 24.
LaTeX Font Info:    Checking defaults for FMX/futm/m/n on input line 24.
LaTeX Font Info:    Trying to load font information for FMX+futm on input line 24.
 (/usr/share/texlive/texmf-dist/tex/latex/fourier/fmxfutm.fd
File: fmxfutm.fd futm-extension
)
LaTeX Font Info:    ... okay on input line 24.
 (/usr/share/texlive/texmf-dist/tex/latex/graphics/graphicx.sty
Package: graphicx 2019/11/30 v1.2a Enhanced LaTeX Graphics (DPC,SPQR)
 (/usr/share/texlive/texmf-dist/tex/latex/graphics/graphics.sty
Package: graphics 2019/11/30 v1.4a Standard LaTeX Graphics (DPC,SPQR)
 (/usr/share/texlive/texmf-dist/tex/latex/graphics/trig.sty
Package: trig 2016/01/03 v1.10 sin cos tan (DPC)
) (/usr/share/texlive/texmf-dist/tex/latex/graphics-cfg/graphics.cfg
File: graphics.cfg 2016/06/04 v1.11 sample graphics configuration
)
Package graphics Info: Driver file: pdftex.def on input line 105.
)
\Gin@req@height=\dimen262
\Gin@req@width=\dimen263
) (/usr/share/texlive/texmf-dist/tex/context/base/mkii/supp-pdf.mkii
[Loading MPS to PDF converter (version 2006.09.02).]
\scratchcounter=\count363
\scratchdimen=\dimen264
\scratchbox=\box105
\nofMPsegments=\count364
\nofMParguments=\count365
\everyMPshowfont=\toks42
\MPscratchCnt=\count366
\MPscratchDim=\dimen265
\MPnumerator=\count367
\makeMPintoPDFobject=\count368
\everyMPtoPDFconversion=\toks43
) (/usr/share/texlive/texmf-dist/tex/latex/epstopdf-pkg/epstopdf-base.sty
Package: epstopdf-base 2020-01-24 v2.11 Base part for package epstopdf
Package epstopdf-base Info: Redefining graphics rule for `.eps' on input line 485.
 (/usr/share/texlive/texmf-dist/tex/latex/latexconfig/epstopdf-sys.cfg
File: epstopdf-sys.cfg 2010/07/13 v1.3 Configuration of (r)epstopdf for TeX Live
)) (/usr/share/texlive/texmf-dist/tex/latex/translator/translator-basic-dictionary-English.dict
Dictionary: translator-basic-dictionary, Language: English 
) (/usr/share/texlive/texmf-dist/tex/latex/siunitx/siunitx-abbreviations.cfg
File: siunitx-abbreviations.cfg 2017/11/26 v2.7k siunitx: Abbreviated units
)
\AtBeginShipoutBox=\box106
Package hyperref Info: Link coloring ON on input line 24.
 (/usr/share/texlive/texmf-dist/tex/latex/hyperref/nameref.sty
Package: nameref 2019/09/16 v2.46 Cross-referencing by name of section
 (/usr/share/texlive/texmf-dist/tex/latex/refcount/refcount.sty
Package: refcount 2019/12/15 v3.6 Data extraction from label references (HO)
) (/usr/share/texlive/texmf-dist/tex/generic/gettitlestring/gettitlestring.sty
Package: gettitlestring 2019/12/15 v1.6 Cleanup title references (HO)
)
\c@section@level=\count369
)
LaTeX Info: Redefining \ref on input line 24.
LaTeX Info: Redefining \pageref on input line 24.
LaTeX Info: Redefining \nameref on input line 24.
 (./quiz-binary.out) (./quiz-binary.out)
\@outlinefile=\write3
\openout3 = `quiz-binary.out'.

LaTeX Font Info:    Redeclaring math accent \widehat on input line 24.
LaTeX Font Info:    Redeclaring math accent \widetilde on input line 24.
LaTeX Font Info:    Trying to load font information for FML+futmi on input line 24.
 (/usr/share/texlive/texmf-dist/tex/latex/fourier/fmlfutmi.fd
File: fmlfutmi.fd 2004/10/30 Fontinst v1.926 font definitions for FML/futmi.
)
LaTeX Font Info:    Font shape `FMX/futm/m/n' will be
(Font)              scaled to size 11.03998pt on input line 24.
LaTeX Font Info:    Font shape `FMX/futm/m/n' will be
(Font)              scaled to size 8.27998pt on input line 24.
LaTeX Font Info:    Font shape `FMX/futm/m/n' will be
(Font)              scaled to size 6.43999pt on input line 24.
LaTeX Font Info:    Trying to load font information for U+msa on input line 24.
 (/usr/share/texlive/texmf-dist/tex/latex/amsfonts/umsa.fd
File: umsa.fd 2013/01/14 v3.01 AMS symbols A
)
LaTeX Font Info:    Trying to load font information for U+msb on input line 24.
 (/usr/share/texlive/texmf-dist/tex/latex/amsfonts/umsb.fd
File: umsb.fd 2013/01/14 v3.01 AMS symbols B
)
LaTeX Font Info:    Trying to load font information for U+lasy on input line 24.
 (/usr/share/texlive/texmf-dist/tex/latex/base/ulasy.fd
File: ulasy.fd 1998/08/17 v2.2e LaTeX symbol font definitions
)
LaTeX Font Info:    Font shape `U/futm/m/n' will be
(Font)              scaled to size 11.03998pt on input line 24.
LaTeX Font Info:    Font shape `U/futm/m/n' will be
(Font)              scaled to size 8.27998pt on input line 24.
LaTeX Font Info:    Font shape `U/futm/m/n' will be
(Font)              scaled to size 6.43999pt on input line 24.
 [1

{/var/lib/texmf/fonts/map/pdftex/updmap/pdftex.map}] [2]
This exam contains 10 questions with 0 parts, 0 subparts, and 0 subsubparts.
This exam has a total of 20 points.
This exam has a total of 0 bonus points.

Class exam Warning: Point totals have changed. Rerun to get point totals right.

Package atveryend Info: Empty hook `BeforeClearDocument' on input line 106.
Package atveryend Info: Empty hook `AfterLastShipout' on input line 106.
(./quiz-binary.aux)
Package atveryend Info: Executing hook `AtVeryEndDocument' on input line 106.
Package atveryend Info: Executing hook `AtEndAfterFileList' on input line 106.
Package rerunfilecheck Info: File `quiz-binary.out' has not changed.
(rerunfilecheck)             Checksum: D41D8CD98F00B204E9800998ECF8427E;0.


LaTeX Warning: Label(s) may have changed. Rerun to get cross-references right.

 ) 
Here is how much of TeX's memory you used:
 15868 strings out of 481239
 283483 string characters out of 5920377
 596252 words of memory out of 5000000
 30844 multiletter control sequences out of 15000+600000
 571579 words of font info for 70 fonts, out of 8000000 for 9000
 1141 hyphenation exceptions out of 8191
 43i,10n,44p,874b,899s stack positions out of 5000i,500n,10000p,200000b,80000s
{/usr/share/texlive/texmf-dist/fonts/enc/dvips/base/8r.enc}</usr/share/texlive/texmf-dist/fonts/type1/adobe/utopia/putb8a.pfb></usr/share/texlive/texmf-dist/fonts/type1/adobe/utopia/putr8a.pfb></usr/share/texlive/texmf-dist/fonts/type1/adobe/utopia/putri8a.pfb>
Output written on quiz-binary.pdf (2 pages, 45389 bytes).
PDF statistics:
 43 PDF objects out of 1000 (max. 8388607)
 35 compressed objects within 1 object stream
 13 named destinations out of 1000 (max. 500000)
 1 words of extra memory for PDF output out of 10000 (max. 10000000)

